<?xml version="1.0" encoding="UTF-8"?>
<!-- Generated by org.testng.reporters.JUnitReportReporter -->
<testsuite hostname="DESKTOP-VEGGGMP" failures="0" tests="1" name="testScript.LoginTest" time="6.256" errors="0" timestamp="2025-10-28T19:09:36 GST" skipped="0">
  <testcase classname="testScript.LoginTest" name="verifyTheUserIsAbleToLoginUsingValidCredentials" time="6.256"/>
</testsuite> <!-- testScript.LoginTest -->
