<?xml version="1.0" encoding="UTF-8"?>
<!-- Generated by org.testng.reporters.JUnitReportReporter -->
<testsuite hostname="DESKTOP-VEGGGMP" failures="0" tests="4" name="testScript.login" time="11.414" errors="0" timestamp="2025-10-17T19:23:17 GST" skipped="0">
  <testcase classname="testScript.login" name="verifyTheUserIsAbleToLoginUsingValidCredentials" time="2.938"/>
  <testcase classname="testScript.login" name="verifyTheUserIsUnableToLoginwithInvalidUsernameandValidPassword" time="2.770"/>
  <testcase classname="testScript.login" name="verifyTheUserIsUnableToLoginwithInValidUsernameandInvalidPassword" time="3.080"/>
  <testcase classname="testScript.login" name="verifyTheUserIsUnableToLoginwithValidUsernameandInvalidPassword" time="2.626"/>
</testsuite> <!-- testScript.login -->
